0001 0.0500 0.0250 6.66666666666667e-02 2.00000000000000e-01
0002 0.1000 0.0500 1.77777777777778e-01 4.00000000000000e-01
0003 0.1500 0.0750 3.18518518518518e-01 6.00000000000000e-01
0004 0.2000 0.1000 4.79012345679012e-01 8.00000000000000e-01
0005 0.2500 0.1250 6.52674897119341e-01 1.00000000000000e+00
0006 0.3000 0.1500 8.35116598079561e-01 1.20000000000000e+00
0007 0.3500 0.1750 1.00000000000000e+00 1.40000000000000e+00
0008 0.4000 0.2000 1.00000000000000e+00 1.60000000000000e+00
0009 0.4500 0.2250 1.00000000000000e+00 1.80000000000000e+00
0010 0.5000 0.2500 1.00000000000000e+00 2.00000000000000e+00
0011 0.5500 0.2750 1.00000000000000e+00 1.80000000000000e+00
0012 0.6000 0.3000 1.00000000000000e+00 1.60000000000000e+00
0013 0.6500 0.3250 1.00000000000000e+00 1.40000000000000e+00
0014 0.7000 0.3500 1.00000000000000e+00 1.20000000000000e+00
0015 0.7500 0.3750 1.00000000000000e+00 1.00000000000000e+00
0016 0.8000 0.4000 9.33333333333333e-01 8.00000000000000e-01
0017 0.8500 0.4250 8.22222222222222e-01 6.00000000000000e-01
0018 0.9000 0.4500 6.81481481481481e-01 4.00000000000000e-01
0019 0.9500 0.4750 5.20987654320988e-01 2.00000000000000e-01
0020 1.0000 0.5000 3.47325102880658e-01 0.00000000000000e+00
0021 1.0500 0.5250 1.64883401920439e-01 -2.00000000000000e-01
0022 1.1000 0.5500 -2.34110653863743e-02 -4.00000000000000e-01
0023 1.1500 0.5750 -2.15607376924249e-01 -6.00000000000000e-01
0024 1.2000 0.6000 -4.10404917949499e-01 -8.00000000000000e-01
0025 1.2500 0.6250 -6.06936611966333e-01 -1.00000000000000e+00
0026 1.3000 0.6500 -8.04624407977556e-01 -1.20000000000000e+00
0027 1.3500 0.6750 -1.00000000000000e+00 -1.40000000000000e+00
0028 1.4000 0.7000 -1.00000000000000e+00 -1.60000000000000e+00
0029 1.4500 0.7250 -1.00000000000000e+00 -1.80000000000000e+00
0030 1.5000 0.7500 -1.00000000000000e+00 -2.00000000000000e+00
0031 1.5500 0.7750 -1.00000000000000e+00 -1.80000000000000e+00
0032 1.6000 0.8000 -1.00000000000000e+00 -1.60000000000000e+00
0033 1.6500 0.8250 -1.00000000000000e+00 -1.40000000000000e+00
0034 1.7000 0.8500 -1.00000000000000e+00 -1.20000000000000e+00
0035 1.7500 0.8750 -1.00000000000000e+00 -1.00000000000000e+00
0036 1.8000 0.9000 -9.33333333333333e-01 -8.00000000000000e-01
0037 1.8500 0.9250 -8.22222222222222e-01 -6.00000000000000e-01
0038 1.9000 0.9500 -6.81481481481482e-01 -4.00000000000000e-01
0039 1.9500 0.9750 -5.20987654320988e-01 -2.00000000000000e-01
0040 2.0000 1.0000 -3.47325102880658e-01 0.00000000000000e+00
0041 2.0500 1.0250 -1.64883401920440e-01 1.99999999999999e-01
0042 2.1000 1.0500 2.34110653863743e-02 4.00000000000000e-01
0043 2.1500 1.0750 2.15607376924249e-01 6.00000000000000e-01
0044 2.2000 1.1000 4.10404917949500e-01 8.00000000000001e-01
0045 2.2500 1.1250 6.06936611966333e-01 1.00000000000000e+00
0046 2.3000 1.1500 8.04624407977555e-01 1.20000000000000e+00
0047 2.3500 1.1750 1.00000000000000e+00 1.40000000000000e+00
0048 2.4000 1.2000 1.00000000000000e+00 1.60000000000000e+00
0049 2.4500 1.2250 1.00000000000000e+00 1.80000000000000e+00
0050 2.5000 1.2500 1.00000000000000e+00 2.00000000000000e+00
0051 2.5500 1.2750 1.00000000000000e+00 1.80000000000000e+00
0052 2.6000 1.3000 1.00000000000000e+00 1.60000000000000e+00
0053 2.6500 1.3250 1.00000000000000e+00 1.40000000000000e+00
0054 2.7000 1.3500 1.00000000000000e+00 1.20000000000000e+00
0055 2.7500 1.3750 1.00000000000000e+00 1.00000000000000e+00
0056 2.8000 1.4000 9.33333333333334e-01 8.00000000000001e-01
0057 2.8500 1.4250 8.22222222222222e-01 6.00000000000000e-01
0058 2.9000 1.4500 6.81481481481482e-01 4.00000000000000e-01
0059 2.9500 1.4750 5.20987654320987e-01 1.99999999999999e-01
0060 3.0000 1.5000 3.47325102880658e-01 0.00000000000000e+00
0061 3.0500 1.5250 1.64883401920440e-01 -1.99999999999999e-01
0062 3.1000 1.5500 -2.34110653863744e-02 -4.00000000000000e-01
0063 3.1500 1.5750 -2.15607376924249e-01 -6.00000000000000e-01
0064 3.2000 1.6000 -4.10404917949500e-01 -8.00000000000001e-01
0065 3.2500 1.6250 -6.06936611966333e-01 -1.00000000000000e+00
0066 3.3000 1.6500 -8.04624407977555e-01 -1.20000000000000e+00
0067 3.3500 1.6750 -1.00000000000000e+00 -1.40000000000000e+00
0068 3.4000 1.7000 -1.00000000000000e+00 -1.60000000000000e+00
0069 3.4500 1.7250 -1.00000000000000e+00 -1.80000000000000e+00
0070 3.5000 1.7500 -1.00000000000000e+00 -2.00000000000000e+00
0071 3.5500 1.7750 -1.00000000000000e+00 -1.80000000000000e+00
0072 3.6000 1.8000 -1.00000000000000e+00 -1.60000000000000e+00
0073 3.6500 1.8250 -1.00000000000000e+00 -1.40000000000000e+00
0074 3.7000 1.8500 -1.00000000000000e+00 -1.20000000000000e+00
0075 3.7500 1.8750 -1.00000000000000e+00 -1.00000000000000e+00
0076 3.8000 1.9000 -9.33333333333334e-01 -8.00000000000001e-01
0077 3.8500 1.9250 -8.22222222222222e-01 -6.00000000000000e-01
0078 3.9000 1.9500 -6.81481481481482e-01 -4.00000000000000e-01
0079 3.9500 1.9750 -5.20987654320987e-01 -1.99999999999999e-01
0080 4.0000 2.0000 -3.47325102880658e-01 0.00000000000000e+00
0081 4.0500 2.0250 -1.64883401920440e-01 1.99999999999999e-01
0082 4.1000 2.0500 2.34110653863727e-02 3.99999999999999e-01
0083 4.1500 2.0750 2.15607376924251e-01 6.00000000000001e-01
0084 4.2000 2.1000 4.10404917949500e-01 8.00000000000001e-01
0085 4.2500 2.1250 6.06936611966333e-01 1.00000000000000e+00
0086 4.3000 2.1500 8.04624407977555e-01 1.20000000000000e+00
0087 4.3500 2.1750 1.00000000000000e+00 1.40000000000000e+00
0088 4.4000 2.2000 1.00000000000000e+00 1.60000000000000e+00
0089 4.4500 2.2250 1.00000000000000e+00 1.80000000000000e+00
0090 4.5000 2.2500 1.00000000000000e+00 2.00000000000000e+00
0091 4.5500 2.2750 1.00000000000000e+00 1.80000000000000e+00
0092 4.6000 2.3000 1.00000000000000e+00 1.60000000000000e+00
0093 4.6500 2.3250 1.00000000000000e+00 1.40000000000000e+00
0094 4.7000 2.3500 1.00000000000000e+00 1.20000000000000e+00
0095 4.7500 2.3750 1.00000000000000e+00 1.00000000000000e+00
0096 4.8000 2.4000 9.33333333333334e-01 8.00000000000001e-01
0097 4.8500 2.4250 8.22222222222223e-01 6.00000000000001e-01
0098 4.9000 2.4500 6.81481481481480e-01 3.99999999999999e-01
0099 4.9500 2.4750 5.20987654320987e-01 1.99999999999999e-01
0100 5.0000 2.5000 3.47325102880658e-01 0.00000000000000e+00
0101 5.0500 2.5250 1.64883401920440e-01 -1.99999999999999e-01
0102 5.1000 2.5500 -2.34110653863727e-02 -3.99999999999999e-01
0103 5.1500 2.5750 -2.15607376924251e-01 -6.00000000000001e-01
0104 5.2000 2.6000 -4.10404917949500e-01 -8.00000000000001e-01
0105 5.2500 2.6250 -6.06936611966333e-01 -1.00000000000000e+00
0106 5.3000 2.6500 -8.04624407977555e-01 -1.20000000000000e+00
0107 5.3500 2.6750 -1.00000000000000e+00 -1.40000000000000e+00
0108 5.4000 2.7000 -1.00000000000000e+00 -1.60000000000000e+00
0109 5.4500 2.7250 -1.00000000000000e+00 -1.80000000000000e+00
0110 5.5000 2.7500 -1.00000000000000e+00 -2.00000000000000e+00
0111 5.5500 2.7750 -1.00000000000000e+00 -1.80000000000000e+00
0112 5.6000 2.8000 -1.00000000000000e+00 -1.60000000000000e+00
0113 5.6500 2.8250 -1.00000000000000e+00 -1.40000000000000e+00
0114 5.7000 2.8500 -1.00000000000000e+00 -1.20000000000000e+00
0115 5.7500 2.8750 -1.00000000000000e+00 -1.00000000000000e+00
0116 5.8000 2.9000 -9.33333333333334e-01 -8.00000000000001e-01
0117 5.8500 2.9250 -8.22222222222223e-01 -6.00000000000001e-01
0118 5.9000 2.9500 -6.81481481481480e-01 -3.99999999999999e-01
0119 5.9500 2.9750 -5.20987654320987e-01 -1.99999999999999e-01
0120 6.0000 3.0000 -3.47325102880658e-01 0.00000000000000e+00
0121 6.0500 3.0250 -1.64883401920440e-01 1.99999999999999e-01
0122 6.1000 3.0500 2.34110653863727e-02 3.99999999999999e-01
0123 6.1500 3.0750 2.15607376924251e-01 6.00000000000001e-01
0124 6.2000 3.1000 4.10404917949500e-01 8.00000000000001e-01
0125 6.2500 3.1250 6.06936611966333e-01 1.00000000000000e+00
0126 6.3000 3.1500 8.04624407977555e-01 1.20000000000000e+00
0127 6.3500 3.1750 1.00000000000000e+00 1.40000000000000e+00
0128 6.4000 3.2000 1.00000000000000e+00 1.60000000000000e+00
0129 6.4500 3.2250 1.00000000000000e+00 1.80000000000000e+00
0130 6.5000 3.2500 1.00000000000000e+00 2.00000000000000e+00
0131 6.5500 3.2750 1.00000000000000e+00 1.80000000000000e+00
0132 6.6000 3.3000 1.00000000000000e+00 1.60000000000000e+00
0133 6.6500 3.3250 1.00000000000000e+00 1.40000000000000e+00
0134 6.7000 3.3500 1.00000000000000e+00 1.20000000000000e+00
0135 6.7500 3.3750 1.00000000000000e+00 1.00000000000000e+00
0136 6.8000 3.4000 9.33333333333334e-01 8.00000000000001e-01
0137 6.8500 3.4250 8.22222222222223e-01 6.00000000000001e-01
0138 6.9000 3.4500 6.81481481481480e-01 3.99999999999999e-01
0139 6.9500 3.4750 5.20987654320987e-01 1.99999999999999e-01
0140 7.0000 3.5000 3.47325102880658e-01 0.00000000000000e+00
0141 7.0500 3.5250 1.64883401920440e-01 -1.99999999999999e-01
0142 7.1000 3.5500 -2.34110653863727e-02 -3.99999999999999e-01
0143 7.1500 3.5750 -2.15607376924251e-01 -6.00000000000001e-01
0144 7.2000 3.6000 -4.10404917949500e-01 -8.00000000000001e-01
0145 7.2500 3.6250 -6.06936611966333e-01 -1.00000000000000e+00
0146 7.3000 3.6500 -8.04624407977555e-01 -1.20000000000000e+00
0147 7.3500 3.6750 -1.00000000000000e+00 -1.40000000000000e+00
0148 7.4000 3.7000 -1.00000000000000e+00 -1.60000000000000e+00
0149 7.4500 3.7250 -1.00000000000000e+00 -1.80000000000000e+00
0150 7.5000 3.7500 -1.00000000000000e+00 -2.00000000000000e+00
0151 7.5500 3.7750 -1.00000000000000e+00 -1.80000000000000e+00
0152 7.6000 3.8000 -1.00000000000000e+00 -1.60000000000000e+00
0153 7.6500 3.8250 -1.00000000000000e+00 -1.40000000000000e+00
0154 7.7000 3.8500 -1.00000000000000e+00 -1.20000000000000e+00
0155 7.7500 3.8750 -1.00000000000000e+00 -1.00000000000000e+00
0156 7.8000 3.9000 -9.33333333333334e-01 -8.00000000000001e-01
0157 7.8500 3.9250 -8.22222222222223e-01 -6.00000000000001e-01
0158 7.9000 3.9500 -6.81481481481480e-01 -3.99999999999999e-01
0159 7.9500 3.9750 -5.20987654320987e-01 -1.99999999999999e-01
0160 8.0000 4.0000 -3.47325102880658e-01 0.00000000000000e+00
0161 8.0500 4.0250 -1.64883401920436e-01 2.00000000000003e-01
0162 8.1000 4.0500 2.34110653863727e-02 3.99999999999999e-01
0163 8.1500 4.0750 2.15607376924251e-01 6.00000000000001e-01
0164 8.2000 4.1000 4.10404917949497e-01 7.99999999999997e-01
0165 8.2500 4.1250 6.06936611966333e-01 1.00000000000000e+00
0166 8.3000 4.1500 8.04624407977558e-01 1.20000000000000e+00
0167 8.3500 4.1750 1.00000000000000e+00 1.40000000000000e+00
0168 8.4000 4.2000 1.00000000000000e+00 1.60000000000000e+00
0169 8.4500 4.2250 1.00000000000000e+00 1.80000000000000e+00
0170 8.5000 4.2500 1.00000000000000e+00 2.00000000000000e+00
0171 8.5500 4.2750 1.00000000000000e+00 1.80000000000000e+00
0172 8.6000 4.3000 1.00000000000000e+00 1.60000000000000e+00
0173 8.6500 4.3250 1.00000000000000e+00 1.40000000000000e+00
0174 8.7000 4.3500 1.00000000000000e+00 1.20000000000000e+00
0175 8.7500 4.3750 1.00000000000000e+00 1.00000000000000e+00
0176 8.8000 4.4000 9.33333333333332e-01 7.99999999999997e-01
0177 8.8500 4.4250 8.22222222222223e-01 6.00000000000001e-01
0178 8.9000 4.4500 6.81481481481480e-01 3.99999999999999e-01
0179 8.9500 4.4750 5.20987654320990e-01 2.00000000000003e-01
0180 9.0000 4.5000 3.47325102880658e-01 0.00000000000000e+00
0181 9.0500 4.5250 1.64883401920436e-01 -2.00000000000003e-01
0182 9.1000 4.5500 -2.34110653863727e-02 -3.99999999999999e-01
0183 9.1500 4.5750 -2.15607376924251e-01 -6.00000000000001e-01
0184 9.2000 4.6000 -4.10404917949497e-01 -7.99999999999997e-01
0185 9.2500 4.6250 -6.06936611966333e-01 -1.00000000000000e+00
0186 9.3000 4.6500 -8.04624407977558e-01 -1.20000000000000e+00
0187 9.3500 4.6750 -1.00000000000000e+00 -1.40000000000000e+00
0188 9.4000 4.7000 -1.00000000000000e+00 -1.60000000000000e+00
0189 9.4500 4.7250 -1.00000000000000e+00 -1.80000000000000e+00
0190 9.5000 4.7500 -1.00000000000000e+00 -2.00000000000000e+00
0191 9.5500 4.7750 -1.00000000000000e+00 -1.80000000000000e+00
0192 9.6000 4.8000 -1.00000000000000e+00 -1.60000000000000e+00
0193 9.6500 4.8250 -1.00000000000000e+00 -1.40000000000000e+00
0194 9.7000 4.8500 -1.00000000000000e+00 -1.20000000000000e+00
0195 9.7500 4.8750 -1.00000000000000e+00 -1.00000000000000e+00
0196 9.8000 4.9000 -9.33333333333332e-01 -7.99999999999997e-01
0197 9.8500 4.9250 -8.22222222222223e-01 -6.00000000000001e-01
0198 9.9000 4.9500 -6.81481481481480e-01 -3.99999999999999e-01
0199 9.9500 4.9750 -5.20987654320990e-01 -2.00000000000003e-01
0200 10.0000 5.0000 -3.47325102880658e-01 0.00000000000000e+00
0201 10.0500 5.0250 -1.64883401920436e-01 2.00000000000003e-01
0202 10.1000 5.0500 2.34110653863727e-02 3.99999999999999e-01
0203 10.1500 5.0750 2.15607376924251e-01 6.00000000000001e-01
0204 10.2000 5.1000 4.10404917949497e-01 7.99999999999997e-01
0205 10.2500 5.1250 6.06936611966333e-01 1.00000000000000e+00
0206 10.3000 5.1500 8.04624407977558e-01 1.20000000000000e+00
0207 10.3500 5.1750 1.00000000000000e+00 1.40000000000000e+00
0208 10.4000 5.2000 1.00000000000000e+00 1.60000000000000e+00
0209 10.4500 5.2250 1.00000000000000e+00 1.80000000000000e+00
0210 10.5000 5.2500 1.00000000000000e+00 2.00000000000000e+00
0211 10.5500 5.2750 1.00000000000000e+00 1.80000000000000e+00
0212 10.6000 5.3000 1.00000000000000e+00 1.60000000000000e+00
0213 10.6500 5.3250 1.00000000000000e+00 1.40000000000000e+00
0214 10.7000 5.3500 1.00000000000000e+00 1.20000000000000e+00
0215 10.7500 5.3750 1.00000000000000e+00 1.00000000000000e+00
0216 10.8000 5.4000 9.33333333333332e-01 7.99999999999997e-01
0217 10.8500 5.4250 8.22222222222223e-01 6.00000000000001e-01
0218 10.9000 5.4500 6.81481481481480e-01 3.99999999999999e-01
0219 10.9500 5.4750 5.20987654320990e-01 2.00000000000003e-01
0220 11.0000 5.5000 3.47325102880658e-01 0.00000000000000e+00
0221 11.0500 5.5250 1.64883401920436e-01 -2.00000000000003e-01
0222 11.1000 5.5500 -2.34110653863727e-02 -3.99999999999999e-01
0223 11.1500 5.5750 -2.15607376924251e-01 -6.00000000000001e-01
0224 11.2000 5.6000 -4.10404917949497e-01 -7.99999999999997e-01
0225 11.2500 5.6250 -6.06936611966333e-01 -1.00000000000000e+00
0226 11.3000 5.6500 -8.04624407977558e-01 -1.20000000000000e+00
0227 11.3500 5.6750 -1.00000000000000e+00 -1.40000000000000e+00
0228 11.4000 5.7000 -1.00000000000000e+00 -1.60000000000000e+00
0229 11.4500 5.7250 -1.00000000000000e+00 -1.80000000000000e+00
0230 11.5000 5.7500 -1.00000000000000e+00 -2.00000000000000e+00
0231 11.5500 5.7750 -1.00000000000000e+00 -1.80000000000000e+00
0232 11.6000 5.8000 -1.00000000000000e+00 -1.60000000000000e+00
0233 11.6500 5.8250 -1.00000000000000e+00 -1.40000000000000e+00
0234 11.7000 5.8500 -1.00000000000000e+00 -1.20000000000000e+00
0235 11.7500 5.8750 -1.00000000000000e+00 -1.00000000000000e+00
0236 11.8000 5.9000 -9.33333333333332e-01 -7.99999999999997e-01
0237 11.8500 5.9250 -8.22222222222223e-01 -6.00000000000001e-01
0238 11.9000 5.9500 -6.81481481481480e-01 -3.99999999999999e-01
0239 11.9500 5.9750 -5.20987654320990e-01 -2.00000000000003e-01
0240 12.0000 6.0000 -3.47325102880658e-01 0.00000000000000e+00
0241 12.0500 6.0250 -1.64883401920436e-01 2.00000000000003e-01
0242 12.1000 6.0500 2.34110653863727e-02 3.99999999999999e-01
0243 12.1500 6.0750 2.15607376924251e-01 6.00000000000001e-01
0244 12.2000 6.1000 4.10404917949497e-01 7.99999999999997e-01
0245 12.2500 6.1250 6.06936611966333e-01 1.00000000000000e+00
0246 12.3000 6.1500 8.04624407977558e-01 1.20000000000000e+00
0247 12.3500 6.1750 1.00000000000000e+00 1.40000000000000e+00
0248 12.4000 6.2000 1.00000000000000e+00 1.60000000000000e+00
0249 12.4500 6.2250 1.00000000000000e+00 1.80000000000000e+00
0250 12.5000 6.2500 1.00000000000000e+00 2.00000000000000e+00
0251 12.5500 6.2750 1.00000000000000e+00 1.80000000000000e+00
0252 12.6000 6.3000 1.00000000000000e+00 1.60000000000000e+00
0253 12.6500 6.3250 1.00000000000000e+00 1.40000000000000e+00
0254 12.7000 6.3500 1.00000000000000e+00 1.20000000000000e+00
0255 12.7500 6.3750 1.00000000000000e+00 1.00000000000000e+00
0256 12.8000 6.4000 9.33333333333332e-01 7.99999999999997e-01
0257 12.8500 6.4250 8.22222222222223e-01 6.00000000000001e-01
0258 12.9000 6.4500 6.81481481481480e-01 3.99999999999999e-01
0259 12.9500 6.4750 5.20987654320990e-01 2.00000000000003e-01
0260 13.0000 6.5000 3.47325102880658e-01 0.00000000000000e+00
0261 13.0500 6.5250 1.64883401920436e-01 -2.00000000000003e-01
0262 13.1000 6.5500 -2.34110653863727e-02 -3.99999999999999e-01
0263 13.1500 6.5750 -2.15607376924251e-01 -6.00000000000001e-01
0264 13.2000 6.6000 -4.10404917949497e-01 -7.99999999999997e-01
0265 13.2500 6.6250 -6.06936611966333e-01 -1.00000000000000e+00
0266 13.3000 6.6500 -8.04624407977558e-01 -1.20000000000000e+00
0267 13.3500 6.6750 -1.00000000000000e+00 -1.40000000000000e+00
0268 13.4000 6.7000 -1.00000000000000e+00 -1.60000000000000e+00
0269 13.4500 6.7250 -1.00000000000000e+00 -1.80000000000000e+00
0270 13.5000 6.7500 -1.00000000000000e+00 -2.00000000000000e+00
0271 13.5500 6.7750 -1.00000000000000e+00 -1.80000000000000e+00
0272 13.6000 6.8000 -1.00000000000000e+00 -1.60000000000000e+00
0273 13.6500 6.8250 -1.00000000000000e+00 -1.40000000000000e+00
0274 13.7000 6.8500 -1.00000000000000e+00 -1.20000000000000e+00
0275 13.7500 6.8750 -1.00000000000000e+00 -1.00000000000000e+00
0276 13.8000 6.9000 -9.33333333333332e-01 -7.99999999999997e-01
0277 13.8500 6.9250 -8.22222222222223e-01 -6.00000000000001e-01
0278 13.9000 6.9500 -6.81481481481480e-01 -3.99999999999999e-01
0279 13.9500 6.9750 -5.20987654320990e-01 -2.00000000000003e-01
0280 14.0000 7.0000 -3.47325102880658e-01 0.00000000000000e+00
0281 14.0500 7.0250 -1.64883401920436e-01 2.00000000000003e-01
0282 14.1000 7.0500 2.34110653863727e-02 3.99999999999999e-01
0283 14.1500 7.0750 2.15607376924251e-01 6.00000000000001e-01
0284 14.2000 7.1000 4.10404917949497e-01 7.99999999999997e-01
0285 14.2500 7.1250 6.06936611966333e-01 1.00000000000000e+00
0286 14.3000 7.1500 8.04624407977558e-01 1.20000000000000e+00
0287 14.3500 7.1750 1.00000000000000e+00 1.40000000000000e+00
0288 14.4000 7.2000 1.00000000000000e+00 1.60000000000000e+00
0289 14.4500 7.2250 1.00000000000000e+00 1.80000000000000e+00
0290 14.5000 7.2500 1.00000000000000e+00 2.00000000000000e+00
0291 14.5500 7.2750 1.00000000000000e+00 1.80000000000000e+00
0292 14.6000 7.3000 1.00000000000000e+00 1.60000000000000e+00
0293 14.6500 7.3250 1.00000000000000e+00 1.40000000000000e+00
0294 14.7000 7.3500 1.00000000000000e+00 1.20000000000000e+00
0295 14.7500 7.3750 1.00000000000000e+00 1.00000000000000e+00
0296 14.8000 7.4000 9.33333333333332e-01 7.99999999999997e-01
0297 14.8500 7.4250 8.22222222222223e-01 6.00000000000001e-01
0298 14.9000 7.4500 6.81481481481480e-01 3.99999999999999e-01
0299 14.9500 7.4750 5.20987654320990e-01 2.00000000000003e-01
0300 15.0000 7.5000 3.47325102880658e-01 0.00000000000000e+00
0301 15.0500 7.5250 1.64883401920436e-01 -2.00000000000003e-01
0302 15.1000 7.5500 -2.34110653863727e-02 -3.99999999999999e-01
0303 15.1500 7.5750 -2.15607376924251e-01 -6.00000000000001e-01
0304 15.2000 7.6000 -4.10404917949497e-01 -7.99999999999997e-01
0305 15.2500 7.6250 -6.06936611966333e-01 -1.00000000000000e+00
0306 15.3000 7.6500 -8.04624407977558e-01 -1.20000000000000e+00
0307 15.3500 7.6750 -1.00000000000000e+00 -1.40000000000000e+00
0308 15.4000 7.7000 -1.00000000000000e+00 -1.60000000000000e+00
0309 15.4500 7.7250 -1.00000000000000e+00 -1.80000000000000e+00
0310 15.5000 7.7500 -1.00000000000000e+00 -2.00000000000000e+00
0311 15.5500 7.7750 -1.00000000000000e+00 -1.80000000000000e+00
0312 15.6000 7.8000 -1.00000000000000e+00 -1.60000000000000e+00
0313 15.6500 7.8250 -1.00000000000000e+00 -1.40000000000000e+00
0314 15.7000 7.8500 -1.00000000000000e+00 -1.20000000000000e+00
0315 15.7500 7.8750 -1.00000000000000e+00 -1.00000000000000e+00
0316 15.8000 7.9000 -9.33333333333332e-01 -7.99999999999997e-01
0317 15.8500 7.9250 -8.22222222222223e-01 -6.00000000000001e-01
0318 15.9000 7.9500 -6.81481481481480e-01 -3.99999999999999e-01
0319 15.9500 7.9750 -5.20987654320990e-01 -2.00000000000003e-01
0320 16.0000 8.0000 -3.47325102880658e-01 0.00000000000000e+00
0000 0.0000 0.0000 0.00000000000000e+00 0.00000000000000e+00
